<?xml version="1.0" encoding="UTF-8"?>
<robot generator="Robot 4.0.2 (Python 3.9.2 on win32)" generated="20210520 12:52:34.894" rpa="false" schemaversion="2">
<suite id="s1" name="Suites">
<suite id="s1-s1" name="Login" source="C:\Users\rvadi\PycharmProjects\FlaskyMaster\TestCases\login.robot">
<kw name="Open my Browser" library="Resources1" type="SETUP">
<kw name="Open Browser" library="SeleniumLibrary">
<arg>${LOGIN URL}</arg>
<arg>${BROWSER}</arg>
<doc>Opens a new browser instance to the given ``url``.</doc>
<msg timestamp="20210520 12:52:35.349" level="INFO">Opening browser 'Chrome' to base url 'http://127.0.0.1:8080/login'.</msg>
<status status="PASS" starttime="20210520 12:52:35.349" endtime="20210520 12:52:39.088"/>
</kw>
<kw name="Maximize Browser Window" library="SeleniumLibrary">
<doc>Maximizes current browser window.</doc>
<status status="PASS" starttime="20210520 12:52:39.089" endtime="20210520 12:52:39.299"/>
</kw>
<status status="PASS" starttime="20210520 12:52:35.349" endtime="20210520 12:52:39.299"/>
</kw>
<test id="s1-s1-t1" name="Login Test Case">
<kw name="Input User name" library="Resources1">
<arg>${User}</arg>
<kw name="Element Should Be Visible" library="SeleniumLibrary">
<arg>username</arg>
<doc>Verifies that the element identified by ``locator`` is visible.</doc>
<msg timestamp="20210520 12:52:39.395" level="INFO">Element 'username' is displayed.</msg>
<status status="PASS" starttime="20210520 12:52:39.303" endtime="20210520 12:52:39.395"/>
</kw>
<kw name="Input Text" library="SeleniumLibrary">
<arg>name:username</arg>
<arg>${username}</arg>
<doc>Types the given ``text`` into text field identified by ``locator``.</doc>
<msg timestamp="20210520 12:52:39.396" level="INFO">Typing text 'Urmila1234567' into text field 'name:username'.</msg>
<status status="PASS" starttime="20210520 12:52:39.396" endtime="20210520 12:52:39.791"/>
</kw>
<status status="PASS" starttime="20210520 12:52:39.302" endtime="20210520 12:52:39.791"/>
</kw>
<kw name="Input Password" library="Resources1">
<arg>${Password}</arg>
<kw name="Element Should Be Visible" library="SeleniumLibrary">
<arg>password</arg>
<doc>Verifies that the element identified by ``locator`` is visible.</doc>
<msg timestamp="20210520 12:52:39.883" level="INFO">Element 'password' is displayed.</msg>
<status status="PASS" starttime="20210520 12:52:39.793" endtime="20210520 12:52:39.884"/>
</kw>
<kw name="Input Text" library="SeleniumLibrary">
<arg>name:password</arg>
<arg>${password}</arg>
<doc>Types the given ``text`` into text field identified by ``locator``.</doc>
<msg timestamp="20210520 12:52:39.885" level="INFO">Typing text 'Urmi@123' into text field 'name:password'.</msg>
<status status="PASS" starttime="20210520 12:52:39.884" endtime="20210520 12:52:40.172"/>
</kw>
<status status="PASS" starttime="20210520 12:52:39.792" endtime="20210520 12:52:40.173"/>
</kw>
<kw name="Click Login Button" library="Resources1">
<kw name="Click Element" library="SeleniumLibrary">
<arg>xpath://input[@value='Log In']</arg>
<doc>Click element identified by ``locator``.</doc>
<msg timestamp="20210520 12:52:40.175" level="INFO">Clicking element 'xpath://input[@value='Log In']'.</msg>
<status status="PASS" starttime="20210520 12:52:40.174" endtime="20210520 12:52:40.770"/>
</kw>
<status status="PASS" starttime="20210520 12:52:40.173" endtime="20210520 12:52:40.770"/>
</kw>
<kw name="UserInformation page should be visible" library="Resources1">
<kw name="Wait Until Page Contains" library="SeleniumLibrary">
<arg>User Information - Demo App</arg>
<doc>Waits until ``text`` appears on current page.</doc>
<status status="PASS" starttime="20210520 12:52:40.771" endtime="20210520 12:52:40.801"/>
</kw>
<status status="PASS" starttime="20210520 12:52:40.770" endtime="20210520 12:52:40.801"/>
</kw>
<kw name="Click Logout link" library="Resources1">
<kw name="Click Link" library="SeleniumLibrary">
<arg>Log Out</arg>
<doc>Clicks a link identified by ``locator``.</doc>
<msg timestamp="20210520 12:52:40.803" level="INFO">Clicking link 'Log Out'.</msg>
<status status="PASS" starttime="20210520 12:52:40.803" endtime="20210520 12:52:40.981"/>
</kw>
<status status="PASS" starttime="20210520 12:52:40.802" endtime="20210520 12:52:40.982"/>
</kw>
<status status="PASS" starttime="20210520 12:52:39.299" endtime="20210520 12:52:40.982"/>
</test>
<kw name="Close Browser" library="Resources1" type="TEARDOWN">
<kw name="Close All Browsers" library="SeleniumLibrary">
<doc>Closes all open browsers and resets the browser cache.</doc>
<status status="PASS" starttime="20210520 12:52:40.985" endtime="20210520 12:52:43.529"/>
</kw>
<status status="PASS" starttime="20210520 12:52:40.984" endtime="20210520 12:52:43.529"/>
</kw>
<status status="PASS" starttime="20210520 12:52:34.947" endtime="20210520 12:52:43.529"/>
</suite>
<status status="PASS" starttime="20210520 12:52:34.894" endtime="20210520 12:52:43.529"/>
</suite>
<statistics>
<total>
<stat pass="1" fail="0" skip="0">All Tests</stat>
</total>
<tag>
</tag>
<suite>
<stat pass="1" fail="0" skip="0" id="s1" name="Suites">Suites</stat>
<stat pass="1" fail="0" skip="0" id="s1-s1" name="Login">Suites.Login</stat>
</suite>
</statistics>
<errors>
</errors>
</robot>
