<?xml version="1.0" encoding="UTF-8"?>
<robot generator="Robot 4.0.2 (Python 3.9.2 on win32)" generated="20210520 12:52:44.585" rpa="false" schemaversion="2">
<suite id="s1" name="Suites">
<suite id="s1-s1" name="User" source="C:\Users\rvadi\PycharmProjects\FlaskyMaster\TestCases\user.robot">
<kw name="Open my Browser" library="Resources1" type="SETUP">
<kw name="Open Browser" library="SeleniumLibrary">
<arg>${LOGIN URL}</arg>
<arg>${BROWSER}</arg>
<doc>Opens a new browser instance to the given ``url``.</doc>
<msg timestamp="20210520 12:52:45.049" level="INFO">Opening browser 'Chrome' to base url 'http://127.0.0.1:8080/login'.</msg>
<status status="PASS" starttime="20210520 12:52:45.049" endtime="20210520 12:52:48.039"/>
</kw>
<kw name="Maximize Browser Window" library="SeleniumLibrary">
<doc>Maximizes current browser window.</doc>
<status status="PASS" starttime="20210520 12:52:48.039" endtime="20210520 12:52:48.181"/>
</kw>
<status status="PASS" starttime="20210520 12:52:45.049" endtime="20210520 12:52:48.182"/>
</kw>
<test id="s1-s1-t1" name="UserInformation Test case">
<kw name="Input User name" library="Resources1">
<arg>${User}</arg>
<kw name="Element Should Be Visible" library="SeleniumLibrary">
<arg>username</arg>
<doc>Verifies that the element identified by ``locator`` is visible.</doc>
<msg timestamp="20210520 12:52:48.240" level="INFO">Element 'username' is displayed.</msg>
<status status="PASS" starttime="20210520 12:52:48.185" endtime="20210520 12:52:48.240"/>
</kw>
<kw name="Input Text" library="SeleniumLibrary">
<arg>name:username</arg>
<arg>${username}</arg>
<doc>Types the given ``text`` into text field identified by ``locator``.</doc>
<msg timestamp="20210520 12:52:48.240" level="INFO">Typing text 'Urmila1234567' into text field 'name:username'.</msg>
<status status="PASS" starttime="20210520 12:52:48.240" endtime="20210520 12:52:48.447"/>
</kw>
<status status="PASS" starttime="20210520 12:52:48.184" endtime="20210520 12:52:48.447"/>
</kw>
<kw name="Input Password" library="Resources1">
<arg>${Password}</arg>
<kw name="Element Should Be Visible" library="SeleniumLibrary">
<arg>password</arg>
<doc>Verifies that the element identified by ``locator`` is visible.</doc>
<msg timestamp="20210520 12:52:48.493" level="INFO">Element 'password' is displayed.</msg>
<status status="PASS" starttime="20210520 12:52:48.448" endtime="20210520 12:52:48.493"/>
</kw>
<kw name="Input Text" library="SeleniumLibrary">
<arg>name:password</arg>
<arg>${password}</arg>
<doc>Types the given ``text`` into text field identified by ``locator``.</doc>
<msg timestamp="20210520 12:52:48.493" level="INFO">Typing text 'Urmi@123' into text field 'name:password'.</msg>
<status status="PASS" starttime="20210520 12:52:48.493" endtime="20210520 12:52:48.725"/>
</kw>
<status status="PASS" starttime="20210520 12:52:48.447" endtime="20210520 12:52:48.726"/>
</kw>
<kw name="Click Login Button" library="Resources1">
<kw name="Click Element" library="SeleniumLibrary">
<arg>xpath://input[@value='Log In']</arg>
<doc>Click element identified by ``locator``.</doc>
<msg timestamp="20210520 12:52:48.727" level="INFO">Clicking element 'xpath://input[@value='Log In']'.</msg>
<status status="PASS" starttime="20210520 12:52:48.727" endtime="20210520 12:52:49.225"/>
</kw>
<status status="PASS" starttime="20210520 12:52:48.726" endtime="20210520 12:52:49.226"/>
</kw>
<kw name="UserInformation page should be visible" library="Resources1">
<kw name="Wait Until Page Contains" library="SeleniumLibrary">
<arg>User Information - Demo App</arg>
<doc>Waits until ``text`` appears on current page.</doc>
<status status="PASS" starttime="20210520 12:52:49.228" endtime="20210520 12:52:49.250"/>
</kw>
<status status="PASS" starttime="20210520 12:52:49.227" endtime="20210520 12:52:49.250"/>
</kw>
<kw name="User name should be visible" library="Resources1">
<kw name="Element Text Should Be" library="SeleniumLibrary">
<arg>//td[normalize-space()='Username']</arg>
<arg>Username</arg>
<doc>Verifies that element ``locator`` contains exact text ``expected``.</doc>
<msg timestamp="20210520 12:52:49.251" level="INFO">Verifying element '//td[normalize-space()='Username']' contains exact text 'Username'.</msg>
<status status="PASS" starttime="20210520 12:52:49.251" endtime="20210520 12:52:49.279"/>
</kw>
<kw name="Get Text" library="SeleniumLibrary">
<var>${response}</var>
<arg>xpath://td[@id='username']</arg>
<doc>Returns the text value of element identified by ``locator``.</doc>
<msg timestamp="20210520 12:52:49.323" level="INFO">${response} = Urmila1234567</msg>
<status status="PASS" starttime="20210520 12:52:49.279" endtime="20210520 12:52:49.323"/>
</kw>
<kw name="Should Be Equal As Strings" library="BuiltIn">
<arg>${response}</arg>
<arg>${User}</arg>
<doc>Fails if objects are unequal after converting them to strings.</doc>
<status status="PASS" starttime="20210520 12:52:49.323" endtime="20210520 12:52:49.338"/>
</kw>
<status status="PASS" starttime="20210520 12:52:49.250" endtime="20210520 12:52:49.338"/>
</kw>
<kw name="Firstname should be visible" library="Resources1">
<kw name="Element Text Should Be" library="SeleniumLibrary">
<arg>//td[normalize-space()='First name']</arg>
<arg>First name</arg>
<doc>Verifies that element ``locator`` contains exact text ``expected``.</doc>
<msg timestamp="20210520 12:52:49.338" level="INFO">Verifying element '//td[normalize-space()='First name']' contains exact text 'First name'.</msg>
<status status="PASS" starttime="20210520 12:52:49.338" endtime="20210520 12:52:49.379"/>
</kw>
<kw name="Get Text" library="SeleniumLibrary">
<var>${response}</var>
<arg>xpath://td[@id='firstname']</arg>
<doc>Returns the text value of element identified by ``locator``.</doc>
<msg timestamp="20210520 12:52:49.411" level="INFO">${response} = Urmila</msg>
<status status="PASS" starttime="20210520 12:52:49.379" endtime="20210520 12:52:49.411"/>
</kw>
<kw name="Should Be Equal As Strings" library="BuiltIn">
<arg>${response}</arg>
<arg>${Firstname}</arg>
<doc>Fails if objects are unequal after converting them to strings.</doc>
<status status="PASS" starttime="20210520 12:52:49.411" endtime="20210520 12:52:49.411"/>
</kw>
<status status="PASS" starttime="20210520 12:52:49.338" endtime="20210520 12:52:49.411"/>
</kw>
<kw name="Lastname should be visible" library="Resources1">
<kw name="Element Text Should Be" library="SeleniumLibrary">
<arg>//td[normalize-space()='Last name']</arg>
<arg>Last name</arg>
<doc>Verifies that element ``locator`` contains exact text ``expected``.</doc>
<msg timestamp="20210520 12:52:49.411" level="INFO">Verifying element '//td[normalize-space()='Last name']' contains exact text 'Last name'.</msg>
<status status="PASS" starttime="20210520 12:52:49.411" endtime="20210520 12:52:49.442"/>
</kw>
<kw name="Get Text" library="SeleniumLibrary">
<var>${response}</var>
<arg>xpath=//td[@id='lastname']</arg>
<doc>Returns the text value of element identified by ``locator``.</doc>
<msg timestamp="20210520 12:52:49.501" level="INFO">${response} = Vadi</msg>
<status status="PASS" starttime="20210520 12:52:49.442" endtime="20210520 12:52:49.501"/>
</kw>
<kw name="Should Be Equal As Strings" library="BuiltIn">
<arg>${response}</arg>
<arg>${Lastname}</arg>
<doc>Fails if objects are unequal after converting them to strings.</doc>
<status status="PASS" starttime="20210520 12:52:49.501" endtime="20210520 12:52:49.502"/>
</kw>
<status status="PASS" starttime="20210520 12:52:49.411" endtime="20210520 12:52:49.502"/>
</kw>
<kw name="Phone number should be visible" library="Resources1">
<kw name="Element Text Should Be" library="SeleniumLibrary">
<arg>//td[normalize-space()='Phone number']</arg>
<arg>Phone number</arg>
<doc>Verifies that element ``locator`` contains exact text ``expected``.</doc>
<msg timestamp="20210520 12:52:49.504" level="INFO">Verifying element '//td[normalize-space()='Phone number']' contains exact text 'Phone number'.</msg>
<status status="PASS" starttime="20210520 12:52:49.503" endtime="20210520 12:52:49.550"/>
</kw>
<kw name="Get Text" library="SeleniumLibrary">
<var>${response}</var>
<arg>xpath=//td[@id='phone']</arg>
<doc>Returns the text value of element identified by ``locator``.</doc>
<msg timestamp="20210520 12:52:49.587" level="INFO">${response} = 408329191</msg>
<status status="PASS" starttime="20210520 12:52:49.550" endtime="20210520 12:52:49.588"/>
</kw>
<kw name="Should Be Equal As Strings" library="BuiltIn">
<arg>${response}</arg>
<arg>${Phonenumber}</arg>
<doc>Fails if objects are unequal after converting them to strings.</doc>
<status status="PASS" starttime="20210520 12:52:49.588" endtime="20210520 12:52:49.589"/>
</kw>
<status status="PASS" starttime="20210520 12:52:49.502" endtime="20210520 12:52:49.589"/>
</kw>
<kw name="Click Logout link" library="Resources1">
<kw name="Click Link" library="SeleniumLibrary">
<arg>Log Out</arg>
<doc>Clicks a link identified by ``locator``.</doc>
<msg timestamp="20210520 12:52:49.591" level="INFO">Clicking link 'Log Out'.</msg>
<status status="PASS" starttime="20210520 12:52:49.590" endtime="20210520 12:52:49.759"/>
</kw>
<status status="PASS" starttime="20210520 12:52:49.589" endtime="20210520 12:52:49.759"/>
</kw>
<status status="PASS" starttime="20210520 12:52:48.182" endtime="20210520 12:52:49.759"/>
</test>
<kw name="Close Browser" library="Resources1" type="TEARDOWN">
<kw name="Close All Browsers" library="SeleniumLibrary">
<doc>Closes all open browsers and resets the browser cache.</doc>
<status status="PASS" starttime="20210520 12:52:49.762" endtime="20210520 12:52:52.208"/>
</kw>
<status status="PASS" starttime="20210520 12:52:49.761" endtime="20210520 12:52:52.208"/>
</kw>
<status status="PASS" starttime="20210520 12:52:44.632" endtime="20210520 12:52:52.208"/>
</suite>
<status status="PASS" starttime="20210520 12:52:44.585" endtime="20210520 12:52:52.208"/>
</suite>
<statistics>
<total>
<stat pass="1" fail="0" skip="0">All Tests</stat>
</total>
<tag>
</tag>
<suite>
<stat pass="1" fail="0" skip="0" id="s1" name="Suites">Suites</stat>
<stat pass="1" fail="0" skip="0" id="s1-s1" name="User">Suites.User</stat>
</suite>
</statistics>
<errors>
</errors>
</robot>
