<?xml version="1.0" encoding="UTF-8"?>
<robot generator="Robot 4.0.2 (Python 3.9.2 on win32)" generated="20210520 12:52:34.878" rpa="false" schemaversion="2">
<suite id="s1" name="Suites">
<suite id="s1-s1" name="Register" source="C:\Users\rvadi\PycharmProjects\FlaskyMaster\TestCases\register.robot">
<kw name="Open my Browser" library="Resources1" type="SETUP">
<kw name="Open Browser" library="SeleniumLibrary">
<arg>${LOGIN URL}</arg>
<arg>${BROWSER}</arg>
<doc>Opens a new browser instance to the given ``url``.</doc>
<msg timestamp="20210520 12:52:35.329" level="INFO">Opening browser 'Chrome' to base url 'http://127.0.0.1:8080/login'.</msg>
<status status="PASS" starttime="20210520 12:52:35.329" endtime="20210520 12:52:39.382"/>
</kw>
<kw name="Maximize Browser Window" library="SeleniumLibrary">
<doc>Maximizes current browser window.</doc>
<status status="PASS" starttime="20210520 12:52:39.382" endtime="20210520 12:52:39.564"/>
</kw>
<status status="PASS" starttime="20210520 12:52:35.329" endtime="20210520 12:52:39.564"/>
</kw>
<test id="s1-s1-t1" name="Register Test case">
<kw name="Open Register page" library="Resources1">
<kw name="Click Link" library="SeleniumLibrary">
<arg>Register</arg>
<doc>Clicks a link identified by ``locator``.</doc>
<msg timestamp="20210520 12:52:39.568" level="INFO">Clicking link 'Register'.</msg>
<status status="PASS" starttime="20210520 12:52:39.567" endtime="20210520 12:52:39.927"/>
</kw>
<status status="PASS" starttime="20210520 12:52:39.566" endtime="20210520 12:52:39.928"/>
</kw>
<kw name="Input User name" library="Resources1">
<arg>${User}</arg>
<kw name="Element Should Be Visible" library="SeleniumLibrary">
<arg>username</arg>
<doc>Verifies that the element identified by ``locator`` is visible.</doc>
<msg timestamp="20210520 12:52:39.995" level="INFO">Element 'username' is displayed.</msg>
<status status="PASS" starttime="20210520 12:52:39.929" endtime="20210520 12:52:39.995"/>
</kw>
<kw name="Input Text" library="SeleniumLibrary">
<arg>name:username</arg>
<arg>${username}</arg>
<doc>Types the given ``text`` into text field identified by ``locator``.</doc>
<msg timestamp="20210520 12:52:39.995" level="INFO">Typing text 'Urmila1234567' into text field 'name:username'.</msg>
<status status="PASS" starttime="20210520 12:52:39.995" endtime="20210520 12:52:40.333"/>
</kw>
<status status="PASS" starttime="20210520 12:52:39.928" endtime="20210520 12:52:40.334"/>
</kw>
<kw name="Input Password" library="Resources1">
<arg>${Password}</arg>
<kw name="Element Should Be Visible" library="SeleniumLibrary">
<arg>password</arg>
<doc>Verifies that the element identified by ``locator`` is visible.</doc>
<msg timestamp="20210520 12:52:40.394" level="INFO">Element 'password' is displayed.</msg>
<status status="PASS" starttime="20210520 12:52:40.335" endtime="20210520 12:52:40.394"/>
</kw>
<kw name="Input Text" library="SeleniumLibrary">
<arg>name:password</arg>
<arg>${password}</arg>
<doc>Types the given ``text`` into text field identified by ``locator``.</doc>
<msg timestamp="20210520 12:52:40.395" level="INFO">Typing text 'Urmi@123' into text field 'name:password'.</msg>
<status status="PASS" starttime="20210520 12:52:40.395" endtime="20210520 12:52:40.581"/>
</kw>
<status status="PASS" starttime="20210520 12:52:40.334" endtime="20210520 12:52:40.582"/>
</kw>
<kw name="Input Firstname" library="Resources1">
<arg>${Firstname}</arg>
<kw name="Element Should Be Visible" library="SeleniumLibrary">
<arg>firstname</arg>
<doc>Verifies that the element identified by ``locator`` is visible.</doc>
<msg timestamp="20210520 12:52:40.628" level="INFO">Element 'firstname' is displayed.</msg>
<status status="PASS" starttime="20210520 12:52:40.583" endtime="20210520 12:52:40.629"/>
</kw>
<kw name="Input Text" library="SeleniumLibrary">
<arg>name:firstname</arg>
<arg>${firstname}</arg>
<doc>Types the given ``text`` into text field identified by ``locator``.</doc>
<msg timestamp="20210520 12:52:40.629" level="INFO">Typing text 'Urmila' into text field 'name:firstname'.</msg>
<status status="PASS" starttime="20210520 12:52:40.629" endtime="20210520 12:52:40.870"/>
</kw>
<status status="PASS" starttime="20210520 12:52:40.582" endtime="20210520 12:52:40.871"/>
</kw>
<kw name="Input Lastname" library="Resources1">
<arg>${Lastname}</arg>
<kw name="Element Should Be Visible" library="SeleniumLibrary">
<arg>lastname</arg>
<doc>Verifies that the element identified by ``locator`` is visible.</doc>
<msg timestamp="20210520 12:52:40.928" level="INFO">Element 'lastname' is displayed.</msg>
<status status="PASS" starttime="20210520 12:52:40.873" endtime="20210520 12:52:40.929"/>
</kw>
<kw name="Input Text" library="SeleniumLibrary">
<arg>name:lastname</arg>
<arg>${lastname}</arg>
<doc>Types the given ``text`` into text field identified by ``locator``.</doc>
<msg timestamp="20210520 12:52:40.930" level="INFO">Typing text 'Vadi' into text field 'name:lastname'.</msg>
<status status="PASS" starttime="20210520 12:52:40.929" endtime="20210520 12:52:41.184"/>
</kw>
<status status="PASS" starttime="20210520 12:52:40.871" endtime="20210520 12:52:41.185"/>
</kw>
<kw name="Input Phonenumber" library="Resources1">
<arg>${Phonenumber}</arg>
<kw name="Element Should Be Visible" library="SeleniumLibrary">
<arg>phone</arg>
<doc>Verifies that the element identified by ``locator`` is visible.</doc>
<msg timestamp="20210520 12:52:41.230" level="INFO">Element 'phone' is displayed.</msg>
<status status="PASS" starttime="20210520 12:52:41.187" endtime="20210520 12:52:41.230"/>
</kw>
<kw name="Input Text" library="SeleniumLibrary">
<arg>name:phone</arg>
<arg>${phonenumber}</arg>
<doc>Types the given ``text`` into text field identified by ``locator``.</doc>
<msg timestamp="20210520 12:52:41.231" level="INFO">Typing text '408329191' into text field 'name:phone'.</msg>
<status status="PASS" starttime="20210520 12:52:41.231" endtime="20210520 12:52:41.419"/>
</kw>
<status status="PASS" starttime="20210520 12:52:41.185" endtime="20210520 12:52:41.419"/>
</kw>
<kw name="Click Register Button" library="Resources1">
<kw name="Click Element" library="SeleniumLibrary">
<arg>xpath://input[@value='Register']</arg>
<doc>Click element identified by ``locator``.</doc>
<msg timestamp="20210520 12:52:41.421" level="INFO">Clicking element 'xpath://input[@value='Register']'.</msg>
<status status="PASS" starttime="20210520 12:52:41.421" endtime="20210520 12:52:41.598"/>
</kw>
<status status="PASS" starttime="20210520 12:52:41.420" endtime="20210520 12:52:41.599"/>
</kw>
<status status="PASS" starttime="20210520 12:52:39.565" endtime="20210520 12:52:41.599"/>
</test>
<kw name="Close Browser" library="Resources1" type="TEARDOWN">
<kw name="Close All Browsers" library="SeleniumLibrary">
<doc>Closes all open browsers and resets the browser cache.</doc>
<status status="PASS" starttime="20210520 12:52:41.602" endtime="20210520 12:52:43.946"/>
</kw>
<status status="PASS" starttime="20210520 12:52:41.601" endtime="20210520 12:52:43.946"/>
</kw>
<status status="PASS" starttime="20210520 12:52:34.932" endtime="20210520 12:52:43.946"/>
</suite>
<status status="PASS" starttime="20210520 12:52:34.878" endtime="20210520 12:52:43.946"/>
</suite>
<statistics>
<total>
<stat pass="1" fail="0" skip="0">All Tests</stat>
</total>
<tag>
</tag>
<suite>
<stat pass="1" fail="0" skip="0" id="s1" name="Suites">Suites</stat>
<stat pass="1" fail="0" skip="0" id="s1-s1" name="Register">Suites.Register</stat>
</suite>
</statistics>
<errors>
</errors>
</robot>
