<?xml version="1.0" encoding="UTF-8"?>
<robot generator="Rebot 4.0.2 (Python 3.9.2 on win32)" generated="20210520 12:52:52.562" rpa="false" schemaversion="2">
<suite id="s1" name="Suites">
<suite id="s1-s1" name="Login" source="C:\Users\rvadi\PycharmProjects\FlaskyMaster\TestCases\login.robot">
<kw name="Open my Browser" library="Resources1" type="SETUP">
<kw name="Open Browser" library="SeleniumLibrary">
<arg>${LOGIN URL}</arg>
<arg>${BROWSER}</arg>
<doc>Opens a new browser instance to the given ``url``.</doc>
<msg timestamp="20210520 12:52:35.349" level="INFO">Opening browser 'Chrome' to base url 'http://127.0.0.1:8080/login'.</msg>
<status status="PASS" starttime="20210520 12:52:35.349" endtime="20210520 12:52:39.088"/>
</kw>
<kw name="Maximize Browser Window" library="SeleniumLibrary">
<doc>Maximizes current browser window.</doc>
<status status="PASS" starttime="20210520 12:52:39.089" endtime="20210520 12:52:39.299"/>
</kw>
<status status="PASS" starttime="20210520 12:52:35.349" endtime="20210520 12:52:39.299"/>
</kw>
<test id="s1-s1-t1" name="Login Test Case">
<kw name="Input User name" library="Resources1">
<arg>${User}</arg>
<kw name="Element Should Be Visible" library="SeleniumLibrary">
<arg>username</arg>
<doc>Verifies that the element identified by ``locator`` is visible.</doc>
<msg timestamp="20210520 12:52:39.395" level="INFO">Element 'username' is displayed.</msg>
<status status="PASS" starttime="20210520 12:52:39.303" endtime="20210520 12:52:39.395"/>
</kw>
<kw name="Input Text" library="SeleniumLibrary">
<arg>name:username</arg>
<arg>${username}</arg>
<doc>Types the given ``text`` into text field identified by ``locator``.</doc>
<msg timestamp="20210520 12:52:39.396" level="INFO">Typing text 'Urmila1234567' into text field 'name:username'.</msg>
<status status="PASS" starttime="20210520 12:52:39.396" endtime="20210520 12:52:39.791"/>
</kw>
<status status="PASS" starttime="20210520 12:52:39.302" endtime="20210520 12:52:39.791"/>
</kw>
<kw name="Input Password" library="Resources1">
<arg>${Password}</arg>
<kw name="Element Should Be Visible" library="SeleniumLibrary">
<arg>password</arg>
<doc>Verifies that the element identified by ``locator`` is visible.</doc>
<msg timestamp="20210520 12:52:39.883" level="INFO">Element 'password' is displayed.</msg>
<status status="PASS" starttime="20210520 12:52:39.793" endtime="20210520 12:52:39.884"/>
</kw>
<kw name="Input Text" library="SeleniumLibrary">
<arg>name:password</arg>
<arg>${password}</arg>
<doc>Types the given ``text`` into text field identified by ``locator``.</doc>
<msg timestamp="20210520 12:52:39.885" level="INFO">Typing text 'Urmi@123' into text field 'name:password'.</msg>
<status status="PASS" starttime="20210520 12:52:39.884" endtime="20210520 12:52:40.172"/>
</kw>
<status status="PASS" starttime="20210520 12:52:39.792" endtime="20210520 12:52:40.173"/>
</kw>
<kw name="Click Login Button" library="Resources1">
<kw name="Click Element" library="SeleniumLibrary">
<arg>xpath://input[@value='Log In']</arg>
<doc>Click element identified by ``locator``.</doc>
<msg timestamp="20210520 12:52:40.175" level="INFO">Clicking element 'xpath://input[@value='Log In']'.</msg>
<status status="PASS" starttime="20210520 12:52:40.174" endtime="20210520 12:52:40.770"/>
</kw>
<status status="PASS" starttime="20210520 12:52:40.173" endtime="20210520 12:52:40.770"/>
</kw>
<kw name="UserInformation page should be visible" library="Resources1">
<kw name="Wait Until Page Contains" library="SeleniumLibrary">
<arg>User Information - Demo App</arg>
<doc>Waits until ``text`` appears on current page.</doc>
<status status="PASS" starttime="20210520 12:52:40.771" endtime="20210520 12:52:40.801"/>
</kw>
<status status="PASS" starttime="20210520 12:52:40.770" endtime="20210520 12:52:40.801"/>
</kw>
<kw name="Click Logout link" library="Resources1">
<kw name="Click Link" library="SeleniumLibrary">
<arg>Log Out</arg>
<doc>Clicks a link identified by ``locator``.</doc>
<msg timestamp="20210520 12:52:40.803" level="INFO">Clicking link 'Log Out'.</msg>
<status status="PASS" starttime="20210520 12:52:40.803" endtime="20210520 12:52:40.981"/>
</kw>
<status status="PASS" starttime="20210520 12:52:40.802" endtime="20210520 12:52:40.982"/>
</kw>
<status status="PASS" starttime="20210520 12:52:39.299" endtime="20210520 12:52:40.982"/>
</test>
<kw name="Close Browser" library="Resources1" type="TEARDOWN">
<kw name="Close All Browsers" library="SeleniumLibrary">
<doc>Closes all open browsers and resets the browser cache.</doc>
<status status="PASS" starttime="20210520 12:52:40.985" endtime="20210520 12:52:43.529"/>
</kw>
<status status="PASS" starttime="20210520 12:52:40.984" endtime="20210520 12:52:43.529"/>
</kw>
<status status="PASS" starttime="20210520 12:52:34.947" endtime="20210520 12:52:43.529"/>
</suite>
<suite id="s1-s2" name="Register" source="C:\Users\rvadi\PycharmProjects\FlaskyMaster\TestCases\register.robot">
<kw name="Open my Browser" library="Resources1" type="SETUP">
<kw name="Open Browser" library="SeleniumLibrary">
<arg>${LOGIN URL}</arg>
<arg>${BROWSER}</arg>
<doc>Opens a new browser instance to the given ``url``.</doc>
<msg timestamp="20210520 12:52:35.329" level="INFO">Opening browser 'Chrome' to base url 'http://127.0.0.1:8080/login'.</msg>
<status status="PASS" starttime="20210520 12:52:35.329" endtime="20210520 12:52:39.382"/>
</kw>
<kw name="Maximize Browser Window" library="SeleniumLibrary">
<doc>Maximizes current browser window.</doc>
<status status="PASS" starttime="20210520 12:52:39.382" endtime="20210520 12:52:39.564"/>
</kw>
<status status="PASS" starttime="20210520 12:52:35.329" endtime="20210520 12:52:39.564"/>
</kw>
<test id="s1-s2-t1" name="Register Test case">
<kw name="Open Register page" library="Resources1">
<kw name="Click Link" library="SeleniumLibrary">
<arg>Register</arg>
<doc>Clicks a link identified by ``locator``.</doc>
<msg timestamp="20210520 12:52:39.568" level="INFO">Clicking link 'Register'.</msg>
<status status="PASS" starttime="20210520 12:52:39.567" endtime="20210520 12:52:39.927"/>
</kw>
<status status="PASS" starttime="20210520 12:52:39.566" endtime="20210520 12:52:39.928"/>
</kw>
<kw name="Input User name" library="Resources1">
<arg>${User}</arg>
<kw name="Element Should Be Visible" library="SeleniumLibrary">
<arg>username</arg>
<doc>Verifies that the element identified by ``locator`` is visible.</doc>
<msg timestamp="20210520 12:52:39.995" level="INFO">Element 'username' is displayed.</msg>
<status status="PASS" starttime="20210520 12:52:39.929" endtime="20210520 12:52:39.995"/>
</kw>
<kw name="Input Text" library="SeleniumLibrary">
<arg>name:username</arg>
<arg>${username}</arg>
<doc>Types the given ``text`` into text field identified by ``locator``.</doc>
<msg timestamp="20210520 12:52:39.995" level="INFO">Typing text 'Urmila1234567' into text field 'name:username'.</msg>
<status status="PASS" starttime="20210520 12:52:39.995" endtime="20210520 12:52:40.333"/>
</kw>
<status status="PASS" starttime="20210520 12:52:39.928" endtime="20210520 12:52:40.334"/>
</kw>
<kw name="Input Password" library="Resources1">
<arg>${Password}</arg>
<kw name="Element Should Be Visible" library="SeleniumLibrary">
<arg>password</arg>
<doc>Verifies that the element identified by ``locator`` is visible.</doc>
<msg timestamp="20210520 12:52:40.394" level="INFO">Element 'password' is displayed.</msg>
<status status="PASS" starttime="20210520 12:52:40.335" endtime="20210520 12:52:40.394"/>
</kw>
<kw name="Input Text" library="SeleniumLibrary">
<arg>name:password</arg>
<arg>${password}</arg>
<doc>Types the given ``text`` into text field identified by ``locator``.</doc>
<msg timestamp="20210520 12:52:40.395" level="INFO">Typing text 'Urmi@123' into text field 'name:password'.</msg>
<status status="PASS" starttime="20210520 12:52:40.395" endtime="20210520 12:52:40.581"/>
</kw>
<status status="PASS" starttime="20210520 12:52:40.334" endtime="20210520 12:52:40.582"/>
</kw>
<kw name="Input Firstname" library="Resources1">
<arg>${Firstname}</arg>
<kw name="Element Should Be Visible" library="SeleniumLibrary">
<arg>firstname</arg>
<doc>Verifies that the element identified by ``locator`` is visible.</doc>
<msg timestamp="20210520 12:52:40.628" level="INFO">Element 'firstname' is displayed.</msg>
<status status="PASS" starttime="20210520 12:52:40.583" endtime="20210520 12:52:40.629"/>
</kw>
<kw name="Input Text" library="SeleniumLibrary">
<arg>name:firstname</arg>
<arg>${firstname}</arg>
<doc>Types the given ``text`` into text field identified by ``locator``.</doc>
<msg timestamp="20210520 12:52:40.629" level="INFO">Typing text 'Urmila' into text field 'name:firstname'.</msg>
<status status="PASS" starttime="20210520 12:52:40.629" endtime="20210520 12:52:40.870"/>
</kw>
<status status="PASS" starttime="20210520 12:52:40.582" endtime="20210520 12:52:40.871"/>
</kw>
<kw name="Input Lastname" library="Resources1">
<arg>${Lastname}</arg>
<kw name="Element Should Be Visible" library="SeleniumLibrary">
<arg>lastname</arg>
<doc>Verifies that the element identified by ``locator`` is visible.</doc>
<msg timestamp="20210520 12:52:40.928" level="INFO">Element 'lastname' is displayed.</msg>
<status status="PASS" starttime="20210520 12:52:40.873" endtime="20210520 12:52:40.929"/>
</kw>
<kw name="Input Text" library="SeleniumLibrary">
<arg>name:lastname</arg>
<arg>${lastname}</arg>
<doc>Types the given ``text`` into text field identified by ``locator``.</doc>
<msg timestamp="20210520 12:52:40.930" level="INFO">Typing text 'Vadi' into text field 'name:lastname'.</msg>
<status status="PASS" starttime="20210520 12:52:40.929" endtime="20210520 12:52:41.184"/>
</kw>
<status status="PASS" starttime="20210520 12:52:40.871" endtime="20210520 12:52:41.185"/>
</kw>
<kw name="Input Phonenumber" library="Resources1">
<arg>${Phonenumber}</arg>
<kw name="Element Should Be Visible" library="SeleniumLibrary">
<arg>phone</arg>
<doc>Verifies that the element identified by ``locator`` is visible.</doc>
<msg timestamp="20210520 12:52:41.230" level="INFO">Element 'phone' is displayed.</msg>
<status status="PASS" starttime="20210520 12:52:41.187" endtime="20210520 12:52:41.230"/>
</kw>
<kw name="Input Text" library="SeleniumLibrary">
<arg>name:phone</arg>
<arg>${phonenumber}</arg>
<doc>Types the given ``text`` into text field identified by ``locator``.</doc>
<msg timestamp="20210520 12:52:41.231" level="INFO">Typing text '408329191' into text field 'name:phone'.</msg>
<status status="PASS" starttime="20210520 12:52:41.231" endtime="20210520 12:52:41.419"/>
</kw>
<status status="PASS" starttime="20210520 12:52:41.185" endtime="20210520 12:52:41.419"/>
</kw>
<kw name="Click Register Button" library="Resources1">
<kw name="Click Element" library="SeleniumLibrary">
<arg>xpath://input[@value='Register']</arg>
<doc>Click element identified by ``locator``.</doc>
<msg timestamp="20210520 12:52:41.421" level="INFO">Clicking element 'xpath://input[@value='Register']'.</msg>
<status status="PASS" starttime="20210520 12:52:41.421" endtime="20210520 12:52:41.598"/>
</kw>
<status status="PASS" starttime="20210520 12:52:41.420" endtime="20210520 12:52:41.599"/>
</kw>
<status status="PASS" starttime="20210520 12:52:39.565" endtime="20210520 12:52:41.599"/>
</test>
<kw name="Close Browser" library="Resources1" type="TEARDOWN">
<kw name="Close All Browsers" library="SeleniumLibrary">
<doc>Closes all open browsers and resets the browser cache.</doc>
<status status="PASS" starttime="20210520 12:52:41.602" endtime="20210520 12:52:43.946"/>
</kw>
<status status="PASS" starttime="20210520 12:52:41.601" endtime="20210520 12:52:43.946"/>
</kw>
<status status="PASS" starttime="20210520 12:52:34.932" endtime="20210520 12:52:43.946"/>
</suite>
<suite id="s1-s3" name="User" source="C:\Users\rvadi\PycharmProjects\FlaskyMaster\TestCases\user.robot">
<kw name="Open my Browser" library="Resources1" type="SETUP">
<kw name="Open Browser" library="SeleniumLibrary">
<arg>${LOGIN URL}</arg>
<arg>${BROWSER}</arg>
<doc>Opens a new browser instance to the given ``url``.</doc>
<msg timestamp="20210520 12:52:45.049" level="INFO">Opening browser 'Chrome' to base url 'http://127.0.0.1:8080/login'.</msg>
<status status="PASS" starttime="20210520 12:52:45.049" endtime="20210520 12:52:48.039"/>
</kw>
<kw name="Maximize Browser Window" library="SeleniumLibrary">
<doc>Maximizes current browser window.</doc>
<status status="PASS" starttime="20210520 12:52:48.039" endtime="20210520 12:52:48.181"/>
</kw>
<status status="PASS" starttime="20210520 12:52:45.049" endtime="20210520 12:52:48.182"/>
</kw>
<test id="s1-s3-t1" name="UserInformation Test case">
<kw name="Input User name" library="Resources1">
<arg>${User}</arg>
<kw name="Element Should Be Visible" library="SeleniumLibrary">
<arg>username</arg>
<doc>Verifies that the element identified by ``locator`` is visible.</doc>
<msg timestamp="20210520 12:52:48.240" level="INFO">Element 'username' is displayed.</msg>
<status status="PASS" starttime="20210520 12:52:48.185" endtime="20210520 12:52:48.240"/>
</kw>
<kw name="Input Text" library="SeleniumLibrary">
<arg>name:username</arg>
<arg>${username}</arg>
<doc>Types the given ``text`` into text field identified by ``locator``.</doc>
<msg timestamp="20210520 12:52:48.240" level="INFO">Typing text 'Urmila1234567' into text field 'name:username'.</msg>
<status status="PASS" starttime="20210520 12:52:48.240" endtime="20210520 12:52:48.447"/>
</kw>
<status status="PASS" starttime="20210520 12:52:48.184" endtime="20210520 12:52:48.447"/>
</kw>
<kw name="Input Password" library="Resources1">
<arg>${Password}</arg>
<kw name="Element Should Be Visible" library="SeleniumLibrary">
<arg>password</arg>
<doc>Verifies that the element identified by ``locator`` is visible.</doc>
<msg timestamp="20210520 12:52:48.493" level="INFO">Element 'password' is displayed.</msg>
<status status="PASS" starttime="20210520 12:52:48.448" endtime="20210520 12:52:48.493"/>
</kw>
<kw name="Input Text" library="SeleniumLibrary">
<arg>name:password</arg>
<arg>${password}</arg>
<doc>Types the given ``text`` into text field identified by ``locator``.</doc>
<msg timestamp="20210520 12:52:48.493" level="INFO">Typing text 'Urmi@123' into text field 'name:password'.</msg>
<status status="PASS" starttime="20210520 12:52:48.493" endtime="20210520 12:52:48.725"/>
</kw>
<status status="PASS" starttime="20210520 12:52:48.447" endtime="20210520 12:52:48.726"/>
</kw>
<kw name="Click Login Button" library="Resources1">
<kw name="Click Element" library="SeleniumLibrary">
<arg>xpath://input[@value='Log In']</arg>
<doc>Click element identified by ``locator``.</doc>
<msg timestamp="20210520 12:52:48.727" level="INFO">Clicking element 'xpath://input[@value='Log In']'.</msg>
<status status="PASS" starttime="20210520 12:52:48.727" endtime="20210520 12:52:49.225"/>
</kw>
<status status="PASS" starttime="20210520 12:52:48.726" endtime="20210520 12:52:49.226"/>
</kw>
<kw name="UserInformation page should be visible" library="Resources1">
<kw name="Wait Until Page Contains" library="SeleniumLibrary">
<arg>User Information - Demo App</arg>
<doc>Waits until ``text`` appears on current page.</doc>
<status status="PASS" starttime="20210520 12:52:49.228" endtime="20210520 12:52:49.250"/>
</kw>
<status status="PASS" starttime="20210520 12:52:49.227" endtime="20210520 12:52:49.250"/>
</kw>
<kw name="User name should be visible" library="Resources1">
<kw name="Element Text Should Be" library="SeleniumLibrary">
<arg>//td[normalize-space()='Username']</arg>
<arg>Username</arg>
<doc>Verifies that element ``locator`` contains exact text ``expected``.</doc>
<msg timestamp="20210520 12:52:49.251" level="INFO">Verifying element '//td[normalize-space()='Username']' contains exact text 'Username'.</msg>
<status status="PASS" starttime="20210520 12:52:49.251" endtime="20210520 12:52:49.279"/>
</kw>
<kw name="Get Text" library="SeleniumLibrary">
<var>${response}</var>
<arg>xpath://td[@id='username']</arg>
<doc>Returns the text value of element identified by ``locator``.</doc>
<msg timestamp="20210520 12:52:49.323" level="INFO">${response} = Urmila1234567</msg>
<status status="PASS" starttime="20210520 12:52:49.279" endtime="20210520 12:52:49.323"/>
</kw>
<kw name="Should Be Equal As Strings" library="BuiltIn">
<arg>${response}</arg>
<arg>${User}</arg>
<doc>Fails if objects are unequal after converting them to strings.</doc>
<status status="PASS" starttime="20210520 12:52:49.323" endtime="20210520 12:52:49.338"/>
</kw>
<status status="PASS" starttime="20210520 12:52:49.250" endtime="20210520 12:52:49.338"/>
</kw>
<kw name="Firstname should be visible" library="Resources1">
<kw name="Element Text Should Be" library="SeleniumLibrary">
<arg>//td[normalize-space()='First name']</arg>
<arg>First name</arg>
<doc>Verifies that element ``locator`` contains exact text ``expected``.</doc>
<msg timestamp="20210520 12:52:49.338" level="INFO">Verifying element '//td[normalize-space()='First name']' contains exact text 'First name'.</msg>
<status status="PASS" starttime="20210520 12:52:49.338" endtime="20210520 12:52:49.379"/>
</kw>
<kw name="Get Text" library="SeleniumLibrary">
<var>${response}</var>
<arg>xpath://td[@id='firstname']</arg>
<doc>Returns the text value of element identified by ``locator``.</doc>
<msg timestamp="20210520 12:52:49.411" level="INFO">${response} = Urmila</msg>
<status status="PASS" starttime="20210520 12:52:49.379" endtime="20210520 12:52:49.411"/>
</kw>
<kw name="Should Be Equal As Strings" library="BuiltIn">
<arg>${response}</arg>
<arg>${Firstname}</arg>
<doc>Fails if objects are unequal after converting them to strings.</doc>
<status status="PASS" starttime="20210520 12:52:49.411" endtime="20210520 12:52:49.411"/>
</kw>
<status status="PASS" starttime="20210520 12:52:49.338" endtime="20210520 12:52:49.411"/>
</kw>
<kw name="Lastname should be visible" library="Resources1">
<kw name="Element Text Should Be" library="SeleniumLibrary">
<arg>//td[normalize-space()='Last name']</arg>
<arg>Last name</arg>
<doc>Verifies that element ``locator`` contains exact text ``expected``.</doc>
<msg timestamp="20210520 12:52:49.411" level="INFO">Verifying element '//td[normalize-space()='Last name']' contains exact text 'Last name'.</msg>
<status status="PASS" starttime="20210520 12:52:49.411" endtime="20210520 12:52:49.442"/>
</kw>
<kw name="Get Text" library="SeleniumLibrary">
<var>${response}</var>
<arg>xpath=//td[@id='lastname']</arg>
<doc>Returns the text value of element identified by ``locator``.</doc>
<msg timestamp="20210520 12:52:49.501" level="INFO">${response} = Vadi</msg>
<status status="PASS" starttime="20210520 12:52:49.442" endtime="20210520 12:52:49.501"/>
</kw>
<kw name="Should Be Equal As Strings" library="BuiltIn">
<arg>${response}</arg>
<arg>${Lastname}</arg>
<doc>Fails if objects are unequal after converting them to strings.</doc>
<status status="PASS" starttime="20210520 12:52:49.501" endtime="20210520 12:52:49.502"/>
</kw>
<status status="PASS" starttime="20210520 12:52:49.411" endtime="20210520 12:52:49.502"/>
</kw>
<kw name="Phone number should be visible" library="Resources1">
<kw name="Element Text Should Be" library="SeleniumLibrary">
<arg>//td[normalize-space()='Phone number']</arg>
<arg>Phone number</arg>
<doc>Verifies that element ``locator`` contains exact text ``expected``.</doc>
<msg timestamp="20210520 12:52:49.504" level="INFO">Verifying element '//td[normalize-space()='Phone number']' contains exact text 'Phone number'.</msg>
<status status="PASS" starttime="20210520 12:52:49.503" endtime="20210520 12:52:49.550"/>
</kw>
<kw name="Get Text" library="SeleniumLibrary">
<var>${response}</var>
<arg>xpath=//td[@id='phone']</arg>
<doc>Returns the text value of element identified by ``locator``.</doc>
<msg timestamp="20210520 12:52:49.587" level="INFO">${response} = 408329191</msg>
<status status="PASS" starttime="20210520 12:52:49.550" endtime="20210520 12:52:49.588"/>
</kw>
<kw name="Should Be Equal As Strings" library="BuiltIn">
<arg>${response}</arg>
<arg>${Phonenumber}</arg>
<doc>Fails if objects are unequal after converting them to strings.</doc>
<status status="PASS" starttime="20210520 12:52:49.588" endtime="20210520 12:52:49.589"/>
</kw>
<status status="PASS" starttime="20210520 12:52:49.502" endtime="20210520 12:52:49.589"/>
</kw>
<kw name="Click Logout link" library="Resources1">
<kw name="Click Link" library="SeleniumLibrary">
<arg>Log Out</arg>
<doc>Clicks a link identified by ``locator``.</doc>
<msg timestamp="20210520 12:52:49.591" level="INFO">Clicking link 'Log Out'.</msg>
<status status="PASS" starttime="20210520 12:52:49.590" endtime="20210520 12:52:49.759"/>
</kw>
<status status="PASS" starttime="20210520 12:52:49.589" endtime="20210520 12:52:49.759"/>
</kw>
<status status="PASS" starttime="20210520 12:52:48.182" endtime="20210520 12:52:49.759"/>
</test>
<kw name="Close Browser" library="Resources1" type="TEARDOWN">
<kw name="Close All Browsers" library="SeleniumLibrary">
<doc>Closes all open browsers and resets the browser cache.</doc>
<status status="PASS" starttime="20210520 12:52:49.762" endtime="20210520 12:52:52.208"/>
</kw>
<status status="PASS" starttime="20210520 12:52:49.761" endtime="20210520 12:52:52.208"/>
</kw>
<status status="PASS" starttime="20210520 12:52:44.632" endtime="20210520 12:52:52.208"/>
</suite>
<doc>[https://pabot.org/?ref=log|Pabot] result from 3 executions.</doc>
<status status="PASS" starttime="20210520 12:52:34.878" endtime="20210520 12:52:52.208"/>
</suite>
<statistics>
<total>
<stat pass="3" fail="0" skip="0">All Tests</stat>
</total>
<tag>
</tag>
<suite>
<stat pass="3" fail="0" skip="0" id="s1" name="Suites">Suites</stat>
<stat pass="1" fail="0" skip="0" id="s1-s1" name="Login">Suites.Login</stat>
<stat pass="1" fail="0" skip="0" id="s1-s2" name="Register">Suites.Register</stat>
<stat pass="1" fail="0" skip="0" id="s1-s3" name="User">Suites.User</stat>
</suite>
</statistics>
<errors>
</errors>
</robot>
